<?xml version="1.0" encoding="UTF-8"?>
<testng-results ignored="0" total="1" passed="1" failed="0" skipped="0">
  <reporter-output>
  </reporter-output>
  <suite started-at="2025-07-10T10:30:09 WIB" name="disbursement" finished-at="2025-07-10T10:30:11 WIB" duration-ms="1791">
    <groups>
    </groups>
    <test started-at="2025-07-10T10:30:09 WIB" name="InterbankAPITest" finished-at="2025-07-10T10:30:11 WIB" duration-ms="1791">
      <class name="tests.requestResponseValidation.testValidation">
        <test-method is-config="true" signature="setData(java.lang.String)[pri:0, instance:tests.requestResponseValidation.testValidation@4082ba93]" started-at="2025-07-10T10:30:09 WIB" name="setData" finished-at="2025-07-10T10:30:09 WIB" duration-ms="151" status="PASS">
          <params>
            <param index="0">
              <value>
                <![CDATA[test-data/disbursement/testDataDefault.json]]>
              </value>
            </param>
          </params>
          <reporter-output>
          </reporter-output>
        </test-method> <!-- setData -->
        <test-method signature="case1()[pri:0, instance:tests.requestResponseValidation.testValidation@4082ba93]" started-at="2025-07-10T10:30:09 WIB" name="case1" finished-at="2025-07-10T10:30:11 WIB" duration-ms="1571" status="PASS">
          <reporter-output>
          </reporter-output>
        </test-method> <!-- case1 -->
      </class> <!-- tests.requestResponseValidation.testValidation -->
    </test> <!-- InterbankAPITest -->
  </suite> <!-- disbursement -->
</testng-results>
