<?xml version="1.0" encoding="UTF-8"?>
<testsuite xmlns:xsi="http://www.w3.org/2001/XMLSchema-instance" xsi:noNamespaceSchemaLocation="https://maven.apache.org/surefire/maven-surefire-plugin/xsd/surefire-test-report-3.0.xsd" version="3.0" name="TestSuite" time="2.286" tests="1" errors="0" skipped="0" failures="0">
  <properties>
[...]
</properties>
  <testcase name="case1" classname="tests.requestResponseValidation.testValidation" time="1.621">
    <system-out><![CDATA[INI REQUEST CASE 1
{
	"X-TIMESTAMP": "2024-06-20T11:14:24+07:00",
	"X-SIGNATURE": "ji69TEb+fRLVHWuf9ka93A99LCJZpQB0gI4t8ixwLQS0raMgdG71U25aCEJtCxNa4l3K1tkjIghUcWo22HAMMw==",
	"X-EXTERNAL-ID": "4062011148087854801",
	"X-PARTNER-ID": "0636ea90-829e-11ee-aca0-e3c0230e65f9",
	"CHANNEL-ID": "INDIVARA",
	"X-DEVICE-ID": "Mozilla"
}

{
	"partnerReferenceNo": "24062011140563260278",
	"merchantId": "998023046964160",
	"terminalId": "DSP00001",
	"amount": {
		"value": "15001.00",
		"currency": "IDR"
	},
	"additionalInfo": {
		"productType": "Purchase",
		"isWebview": false,
		"billingId": ""
	},
	"validityPeriod": "2024-06-21T11:13:45+07:00",
	"callbackUrl": ""
}
INI PISAHAN HEADER DAN BODY: 
{
	"X-TIMESTAMP": "2024-06-20T11:14:24+07:00",
	"X-SIGNATURE": "ji69TEb+fRLVHWuf9ka93A99LCJZpQB0gI4t8ixwLQS0raMgdG71U25aCEJtCxNa4l3K1tkjIghUcWo22HAMMw==",
	"X-EXTERNAL-ID": "4062011148087854801",
	"X-PARTNER-ID": "0636ea90-829e-11ee-aca0-e3c0230e65f9",
	"CHANNEL-ID": "INDIVARA",
	"X-DEVICE-ID": "Mozilla"
}
{
	"partnerReferenceNo": "24062011140563260278",
	"merchantId": "998023046964160",
	"terminalId": "DSP00001",
	"amount": {
		"value": "15001.00",
		"currency": "IDR"
	},
	"additionalInfo": {
		"productType": "Purchase",
		"isWebview": false,
		"billingId": ""
	},
	"validityPeriod": "2024-06-21T11:13:45+07:00",
	"callbackUrl": ""
}
INI X-EXTERNAL-ID NYA: 4062011148087854801
INI partnerReferenceNo NYA: 24062011140563260278
INI RESPONSE CASE 1
{
	"responseCode": "4014701",
	"responseMessage": "Invalid Token (B2B)"
}
INI RESPONSE CODE NYA: 4014701
]]></system-out>
    <system-err><![CDATA[SLF4J: Failed to load class "org.slf4j.impl.StaticLoggerBinder".
SLF4J: Defaulting to no-operation (NOP) logger implementation
SLF4J: See http://www.slf4j.org/codes.html#StaticLoggerBinder for further details.
]]></system-err>
  </testcase>
</testsuite>